  Tank.cpp
C:\Users\maxim\source\repos\Tanks\Tanks\Tank.cpp(14,45): warning C4244: аргумент: преобразование "int" в "float", возможна потеря данных
C:\Users\maxim\source\repos\Tanks\Tanks\Tank.cpp(14,32): warning C4244: аргумент: преобразование "int" в "float", возможна потеря данных
C:\Users\maxim\source\repos\Tanks\Tanks\Tank.cpp(28,16): warning C4551: в вызове функции отсутствует список аргументов
C:\Users\maxim\source\repos\Tanks\Tanks\Tank.cpp(36,16): warning C4305: =: усечение из "double" в "float"
C:\Users\maxim\source\repos\Tanks\Tanks\Tank.cpp(49,16): warning C4305: =: усечение из "double" в "float"
C:\Users\maxim\source\repos\Tanks\Tanks\Tank.cpp(62,16): warning C4305: =: усечение из "double" в "float"
C:\Users\maxim\source\repos\Tanks\Tanks\Tank.cpp(75,16): warning C4305: =: усечение из "double" в "float"
C:\Users\maxim\source\repos\Tanks\Tanks\Tank.cpp(84,85): warning C4244: аргумент: преобразование "int" в "float", возможна потеря данных
C:\Users\maxim\source\repos\Tanks\Tanks\Tank.cpp(126,13): warning C4244: инициализация: преобразование "float" в "int", возможна потеря данных
C:\Users\maxim\source\repos\Tanks\Tanks\Tank.cpp(127,14): warning C4244: инициализация: преобразование "float" в "int", возможна потеря данных
C:\Users\maxim\source\repos\Tanks\Tanks\Tank.cpp(130,17): warning C4244: =: преобразование "int" в "float", возможна потеря данных
C:\Users\maxim\source\repos\Tanks\Tanks\Tank.cpp(134,17): warning C4244: =: преобразование "int" в "float", возможна потеря данных
C:\Users\maxim\source\repos\Tanks\Tanks\Tank.cpp(138,17): warning C4244: =: преобразование "int" в "float", возможна потеря данных
C:\Users\maxim\source\repos\Tanks\Tanks\Tank.cpp(142,17): warning C4244: =: преобразование "int" в "float", возможна потеря данных
  Создание кода
  0 of 287 functions ( 0.0%) were compiled, the rest were copied from previous compilation.
    0 functions were new in current compilation
    0 functions had inline decision re-evaluated but remain unchanged
  Создание кода завершено
  Tanks.vcxproj -> C:\Users\maxim\source\repos\Tanks\x64\Release\Tanks.exe
